# JRE version: Java(TM) SE Runtime Environment (14.0+36) (build 14+36-1461)
# Java VM: Java HotSpot(TM) 64-Bit Server VM (14+36-1461, mixed mode, sharing, tiered, compressed oops, g1 gc, windows-amd64)
Heap:
 garbage-first heap   total 58368K, used 26897K [0x0000000083400000, 0x0000000100000000)
  region size 1024K, 6 young (6144K), 2 survivors (2048K)
 Metaspace       used 47160K, capacity 48398K, committed 48592K, reserved 1091584K
  class space    used 6332K, capacity 6802K, committed 6912K, reserved 1048576K
GC Heap History (20 events):
Event: 18.929 GC heap before
{Heap before GC invocations=6 (full 0):
 garbage-first heap   total 58368K, used 43600K [0x0000000083400000, 0x0000000100000000)
  region size 1024K, 34 young (34816K), 6 survivors (6144K)
 Metaspace       used 22907K, capacity 23721K, committed 23932K, reserved 1071104K
  class space    used 2888K, capacity 3196K, committed 3200K, reserved 1048576K
}
Event: 18.958 GC heap after
{Heap after GC invocations=7 (full 0):
 garbage-first heap   total 58368K, used 15699K [0x0000000083400000, 0x0000000100000000)
  region size 1024K, 3 young (3072K), 3 survivors (3072K)
 Metaspace       used 22907K, capacity 23721K, committed 23932K, reserved 1071104K
  class space    used 2888K, capacity 3196K, committed 3200K, reserved 1048576K
}
Event: 21.424 GC heap before
{Heap before GC invocations=7 (full 0):
 garbage-first heap   total 58368K, used 42323K [0x0000000083400000, 0x0000000100000000)
  region size 1024K, 29 young (29696K), 3 survivors (3072K)
 Metaspace       used 25446K, capacity 26431K, committed 26492K, reserved 1073152K
  class space    used 3286K, capacity 3673K, committed 3712K, reserved 1048576K
}
Event: 21.451 GC heap after
{Heap after GC invocations=8 (full 0):
 garbage-first heap   total 58368K, used 17450K [0x0000000083400000, 0x0000000100000000)
  region size 1024K, 3 young (3072K), 3 survivors (3072K)
 Metaspace       used 25446K, capacity 26431K, committed 26492K, reserved 1073152K
  class space    used 3286K, capacity 3673K, committed 3712K, reserved 1048576K
}
Event: 22.403 GC heap before
{Heap before GC invocations=8 (full 0):
 garbage-first heap   total 58368K, used 42026K [0x0000000083400000, 0x0000000100000000)
  region size 1024K, 28 young (28672K), 3 survivors (3072K)
 Metaspace       used 27300K, capacity 28228K, committed 28540K, reserved 1073152K
  class space    used 3469K, capacity 3845K, committed 3968K, reserved 1048576K
}
Event: 22.427 GC heap after
{Heap after GC invocations=9 (full 0):
 garbage-first heap   total 58368K, used 18507K [0x0000000083400000, 0x0000000100000000)
  region size 1024K, 3 young (3072K), 3 survivors (3072K)
 Metaspace       used 27300K, capacity 28228K, committed 28540K, reserved 1073152K
  class space    used 3469K, capacity 3845K, committed 3968K, reserved 1048576K
}
Event: 22.447 GC heap before
{Heap before GC invocations=9 (full 0):
 garbage-first heap   total 58368K, used 43083K [0x0000000083400000, 0x0000000100000000)
  region size 1024K, 28 young (28672K), 3 survivors (3072K)
 Metaspace       used 27300K, capacity 28228K, committed 28540K, reserved 1073152K
  class space    used 3469K, capacity 3845K, committed 3968K, reserved 1048576K
}
Event: 22.462 GC heap after
{Heap after GC invocations=10 (full 0):
 garbage-first heap   total 58368K, used 18331K [0x0000000083400000, 0x0000000100000000)
  region size 1024K, 1 young (1024K), 1 survivors (1024K)
 Metaspace       used 27300K, capacity 28228K, committed 28540K, reserved 1073152K
  class space    used 3469K, capacity 3845K, committed 3968K, reserved 1048576K
}
Event: 24.437 GC heap before
{Heap before GC invocations=10 (full 0):
 garbage-first heap   total 58368K, used 45979K [0x0000000083400000, 0x0000000100000000)
  region size 1024K, 28 young (28672K), 1 survivors (1024K)
 Metaspace       used 28453K, capacity 29471K, committed 29692K, reserved 1075200K
  class space    used 3625K, capacity 4043K, committed 4096K, reserved 1048576K
}
Event: 24.452 GC heap after
{Heap after GC invocations=11 (full 0):
 garbage-first heap   total 58368K, used 18897K [0x0000000083400000, 0x0000000100000000)
  region size 1024K, 2 young (2048K), 2 survivors (2048K)
 Metaspace       used 28453K, capacity 29471K, committed 29692K, reserved 1075200K
  class space    used 3625K, capacity 4043K, committed 4096K, reserved 1048576K
}
Event: 27.053 GC heap before
{Heap before GC invocations=11 (full 0):
 garbage-first heap   total 58368K, used 45521K [0x0000000083400000, 0x0000000100000000)
  region size 1024K, 28 young (28672K), 2 survivors (2048K)
 Metaspace       used 32645K, capacity 33698K, committed 33916K, reserved 1079296K
  class space    used 4255K, capacity 4681K, committed 4736K, reserved 1048576K
}
Event: 27.066 GC heap after
{Heap after GC invocations=12 (full 0):
 garbage-first heap   total 58368K, used 19832K [0x0000000083400000, 0x0000000100000000)
  region size 1024K, 3 young (3072K), 3 survivors (3072K)
 Metaspace       used 32645K, capacity 33698K, committed 33916K, reserved 1079296K
  class space    used 4255K, capacity 4681K, committed 4736K, reserved 1048576K
}
Event: 29.299 GC heap before
{Heap before GC invocations=12 (full 0):
 garbage-first heap   total 58368K, used 30072K [0x0000000083400000, 0x0000000100000000)
  region size 1024K, 14 young (14336K), 3 survivors (3072K)
 Metaspace       used 34900K, capacity 35963K, committed 36048K, reserved 1081344K
  class space    used 4634K, capacity 5074K, committed 5120K, reserved 1048576K
}
Event: 29.317 GC heap after
{Heap after GC invocations=13 (full 0):
 garbage-first heap   total 58368K, used 20136K [0x0000000083400000, 0x0000000100000000)
  region size 1024K, 2 young (2048K), 2 survivors (2048K)
 Metaspace       used 34900K, capacity 35963K, committed 36048K, reserved 1081344K
  class space    used 4634K, capacity 5074K, committed 5120K, reserved 1048576K
}
Event: 35.333 GC heap before
{Heap before GC invocations=14 (full 0):
 garbage-first heap   total 58368K, used 46760K [0x0000000083400000, 0x0000000100000000)
  region size 1024K, 28 young (28672K), 2 survivors (2048K)
 Metaspace       used 39478K, capacity 40625K, committed 40784K, reserved 1085440K
  class space    used 5222K, capacity 5664K, committed 5760K, reserved 1048576K
}
Event: 35.350 GC heap after
{Heap after GC invocations=15 (full 0):
 garbage-first heap   total 58368K, used 22027K [0x0000000083400000, 0x0000000100000000)
  region size 1024K, 4 young (4096K), 4 survivors (4096K)
 Metaspace       used 39478K, capacity 40625K, committed 40784K, reserved 1085440K
  class space    used 5222K, capacity 5664K, committed 5760K, reserved 1048576K
}
Event: 37.739 GC heap before
{Heap before GC invocations=15 (full 0):
 garbage-first heap   total 58368K, used 46603K [0x0000000083400000, 0x0000000100000000)
  region size 1024K, 28 young (28672K), 4 survivors (4096K)
 Metaspace       used 43934K, capacity 45104K, committed 45264K, reserved 1087488K
  class space    used 5877K, capacity 6322K, committed 6400K, reserved 1048576K
}
Event: 37.766 GC heap after
{Heap after GC invocations=16 (full 0):
 garbage-first heap   total 58368K, used 23123K [0x0000000083400000, 0x0000000100000000)
  region size 1024K, 3 young (3072K), 3 survivors (3072K)
 Metaspace       used 43934K, capacity 45104K, committed 45264K, reserved 1087488K
  class space    used 5877K, capacity 6322K, committed 6400K, reserved 1048576K
}
Event: 41.682 GC heap before
{Heap before GC invocations=16 (full 0):
 garbage-first heap   total 58368K, used 46675K [0x0000000083400000, 0x0000000100000000)
  region size 1024K, 26 young (26624K), 3 survivors (3072K)
 Metaspace       used 46840K, capacity 48039K, committed 48208K, reserved 1091584K
  class space    used 6305K, capacity 6768K, committed 6784K, reserved 1048576K
}
Event: 41.700 GC heap after
{Heap after GC invocations=17 (full 0):
 garbage-first heap   total 58368K, used 23825K [0x0000000083400000, 0x0000000100000000)
  region size 1024K, 2 young (2048K), 2 survivors (2048K)
 Metaspace       used 46840K, capacity 48039K, committed 48208K, reserved 1091584K
  class space    used 6305K, capacity 6768K, committed 6784K, reserved 1048576K
}

